2020-04-28 20:13:20,331 INFO org.springframework.boot.StartupInfoLogger [restartedMain] Starting FoodtrackerApplication on DESKTOP-8MV64OT with PID 20220 (C:\Users\kamel\Desktop\foodtracker\build\classes\java\main started by kamel in C:\Users\kamel\Desktop\foodtracker)
2020-04-28 20:13:20,334 INFO org.springframework.boot.SpringApplication [restartedMain] The following profiles are active: local
2020-04-28 20:13:20,375 INFO org.springframework.boot.logging.DeferredLog [restartedMain] The Class-Path manifest attribute in C:\Users\kamel\.gradle\caches\modules-2\files-2.1\org.glassfish.jaxb\jaxb-runtime\2.3.2\5528bc882ea499a09d720b42af11785c4fc6be2a\jaxb-runtime-2.3.2.jar referenced one or more files that do not exist: file:/C:/Users/kamel/.gradle/caches/modules-2/files-2.1/org.glassfish.jaxb/jaxb-runtime/2.3.2/5528bc882ea499a09d720b42af11785c4fc6be2a/jakarta.xml.bind-api-2.3.2.jar,file:/C:/Users/kamel/.gradle/caches/modules-2/files-2.1/org.glassfish.jaxb/jaxb-runtime/2.3.2/5528bc882ea499a09d720b42af11785c4fc6be2a/txw2-2.3.2.jar,file:/C:/Users/kamel/.gradle/caches/modules-2/files-2.1/org.glassfish.jaxb/jaxb-runtime/2.3.2/5528bc882ea499a09d720b42af11785c4fc6be2a/istack-commons-runtime-3.0.8.jar,file:/C:/Users/kamel/.gradle/caches/modules-2/files-2.1/org.glassfish.jaxb/jaxb-runtime/2.3.2/5528bc882ea499a09d720b42af11785c4fc6be2a/stax-ex-1.8.1.jar,file:/C:/Users/kamel/.gradle/caches/modules-2/files-2.1/org.glassfish.jaxb/jaxb-runtime/2.3.2/5528bc882ea499a09d720b42af11785c4fc6be2a/FastInfoset-1.2.16.jar,file:/C:/Users/kamel/.gradle/caches/modules-2/files-2.1/org.glassfish.jaxb/jaxb-runtime/2.3.2/5528bc882ea499a09d720b42af11785c4fc6be2a/jakarta.activation-api-1.2.1.jar
2020-04-28 20:13:20,377 INFO org.springframework.boot.logging.DeferredLog [restartedMain] Devtools property defaults active! Set 'spring.devtools.add-properties' to 'false' to disable
2020-04-28 20:13:20,377 INFO org.springframework.boot.logging.DeferredLog [restartedMain] For additional web related logging consider setting the 'logging.level.web' property to 'DEBUG'
2020-04-28 20:13:21,384 INFO org.springframework.data.repository.config.RepositoryConfigurationDelegate [restartedMain] Multiple Spring Data modules found, entering strict repository configuration mode!
2020-04-28 20:13:21,384 INFO org.springframework.data.repository.config.RepositoryConfigurationDelegate [restartedMain] Bootstrapping Spring Data JPA repositories in DEFAULT mode.
2020-04-28 20:13:21,428 INFO org.springframework.data.repository.config.RepositoryConfigurationExtensionSupport [restartedMain] Spring Data JPA - Could not safely identify store assignment for repository candidate interface com.esgi.foodtracker.repository.ProductRepository. If you want this repository to be a JPA repository, consider annotating your entities with one of these annotations: javax.persistence.Entity, javax.persistence.MappedSuperclass (preferred), or consider extending one of the following types with your repository: org.springframework.data.jpa.repository.JpaRepository.
2020-04-28 20:13:21,452 INFO org.springframework.data.repository.config.RepositoryConfigurationDelegate [restartedMain] Finished Spring Data repository scanning in 61ms. Found 1 JPA repository interfaces.
2020-04-28 20:13:21,459 INFO org.springframework.data.repository.config.RepositoryConfigurationDelegate [restartedMain] Multiple Spring Data modules found, entering strict repository configuration mode!
2020-04-28 20:13:21,459 INFO org.springframework.data.repository.config.RepositoryConfigurationDelegate [restartedMain] Bootstrapping Spring Data MongoDB repositories in DEFAULT mode.
2020-04-28 20:13:21,466 INFO org.springframework.data.repository.config.RepositoryConfigurationExtensionSupport [restartedMain] Spring Data MongoDB - Could not safely identify store assignment for repository candidate interface com.esgi.foodtracker.repository.UserRepository. If you want this repository to be a MongoDB repository, consider annotating your entities with one of these annotations: org.springframework.data.mongodb.core.mapping.Document (preferred), or consider extending one of the following types with your repository: org.springframework.data.mongodb.repository.MongoRepository.
2020-04-28 20:13:21,470 INFO org.springframework.data.repository.config.RepositoryConfigurationDelegate [restartedMain] Finished Spring Data repository scanning in 10ms. Found 1 MongoDB repository interfaces.
2020-04-28 20:13:22,142 INFO org.springframework.boot.web.embedded.tomcat.TomcatWebServer [restartedMain] Tomcat initialized with port(s): 8080 (http)
2020-04-28 20:13:22,150 INFO org.apache.juli.logging.DirectJDKLog [restartedMain] Initializing ProtocolHandler ["http-nio-8080"]
2020-04-28 20:13:22,150 INFO org.apache.juli.logging.DirectJDKLog [restartedMain] Starting service [Tomcat]
2020-04-28 20:13:22,150 INFO org.apache.juli.logging.DirectJDKLog [restartedMain] Starting Servlet engine: [Apache Tomcat/9.0.33]
2020-04-28 20:13:22,257 INFO org.apache.juli.logging.DirectJDKLog [restartedMain] Initializing Spring embedded WebApplicationContext
2020-04-28 20:13:22,257 INFO org.springframework.boot.web.servlet.context.ServletWebServerApplicationContext [restartedMain] Root WebApplicationContext: initialization completed in 1880 ms
2020-04-28 20:13:22,699 INFO com.mongodb.diagnostics.logging.SLF4JLogger [restartedMain] Cluster created with settings {hosts=[localhost:27017], mode=MULTIPLE, requiredClusterType=UNKNOWN, serverSelectionTimeout='30000 ms', maxWaitQueueSize=500}
2020-04-28 20:13:22,699 INFO com.mongodb.diagnostics.logging.SLF4JLogger [restartedMain] Adding discovered server localhost:27017 to client view of cluster
2020-04-28 20:13:22,745 INFO com.mongodb.diagnostics.logging.SLF4JLogger [cluster-ClusterId{value='5ea872424f45ab1d6f77e56b', description='null'}-localhost:27017] Opened connection [connectionId{localValue:1, serverValue:37}] to localhost:27017
2020-04-28 20:13:22,750 INFO com.mongodb.diagnostics.logging.SLF4JLogger [cluster-ClusterId{value='5ea872424f45ab1d6f77e56b', description='null'}-localhost:27017] Monitor thread successfully connected to server with description ServerDescription{address=localhost:27017, type=STANDALONE, state=CONNECTED, ok=true, version=ServerVersion{versionList=[4, 2, 5]}, minWireVersion=0, maxWireVersion=8, maxDocumentSize=16777216, logicalSessionTimeoutMinutes=30, roundTripTimeNanos=3172500}
2020-04-28 20:13:22,751 INFO com.mongodb.diagnostics.logging.SLF4JLogger [cluster-ClusterId{value='5ea872424f45ab1d6f77e56b', description='null'}-localhost:27017] Discovered cluster type of STANDALONE
2020-04-28 20:13:23,019 INFO org.springframework.boot.devtools.autoconfigure.OptionalLiveReloadServer [restartedMain] LiveReload server is running on port 35729
2020-04-28 20:13:23,088 INFO org.hibernate.jpa.internal.util.LogHelper [restartedMain] HHH000204: Processing PersistenceUnitInfo [name: default]
2020-04-28 20:13:23,151 INFO org.hibernate.Version [restartedMain] HHH000412: Hibernate ORM core version 5.4.12.Final
2020-04-28 20:13:23,270 INFO org.hibernate.annotations.common.reflection.java.JavaReflectionManager [restartedMain] HCANN000001: Hibernate Commons Annotations {5.1.0.Final}
2020-04-28 20:13:23,358 INFO com.zaxxer.hikari.HikariDataSource [restartedMain] HikariPool-1 - Starting...
2020-04-28 20:13:23,457 INFO com.zaxxer.hikari.HikariDataSource [restartedMain] HikariPool-1 - Start completed.
2020-04-28 20:13:23,469 INFO org.hibernate.dialect.Dialect [restartedMain] HHH000400: Using dialect: org.hibernate.dialect.MySQL5Dialect
2020-04-28 20:13:24,014 INFO org.hibernate.engine.transaction.jta.platform.internal.JtaPlatformInitiator [restartedMain] HHH000490: Using JtaPlatform implementation: [org.hibernate.engine.transaction.jta.platform.internal.NoJtaPlatform]
2020-04-28 20:13:24,022 INFO org.springframework.orm.jpa.AbstractEntityManagerFactoryBean [restartedMain] Initialized JPA EntityManagerFactory for persistence unit 'default'
2020-04-28 20:13:24,450 WARN org.springframework.boot.autoconfigure.orm.jpa.JpaBaseConfiguration$JpaWebConfiguration [restartedMain] spring.jpa.open-in-view is enabled by default. Therefore, database queries may be performed during view rendering. Explicitly configure spring.jpa.open-in-view to disable this warning
2020-04-28 20:13:24,603 INFO org.springframework.security.web.DefaultSecurityFilterChain [restartedMain] Creating filter chain: any request, [org.springframework.security.web.context.request.async.WebAsyncManagerIntegrationFilter@536c9a13, org.springframework.security.web.context.SecurityContextPersistenceFilter@4a529eb3, org.springframework.security.web.header.HeaderWriterFilter@57bd9405, org.springframework.web.filter.CorsFilter@5e2ca904, org.springframework.security.web.authentication.logout.LogoutFilter@6ce22aa6, com.esgi.foodtracker.security.JWTAuthenticationFilter@661426a6, com.esgi.foodtracker.config.JWTAuthorizationFilter@93b0000, org.springframework.security.web.savedrequest.RequestCacheAwareFilter@7ece222f, org.springframework.security.web.servletapi.SecurityContextHolderAwareRequestFilter@352976c0, org.springframework.security.web.authentication.AnonymousAuthenticationFilter@3e30bf36, org.springframework.security.web.session.SessionManagementFilter@2a7a62fe, org.springframework.security.web.access.ExceptionTranslationFilter@7eacde21, org.springframework.security.web.access.intercept.FilterSecurityInterceptor@6e8f4c65]
2020-04-28 20:13:24,708 INFO org.springframework.scheduling.concurrent.ExecutorConfigurationSupport [restartedMain] Initializing ExecutorService 'applicationTaskExecutor'
2020-04-28 20:13:25,195 INFO org.springframework.boot.actuate.endpoint.web.EndpointLinksResolver [restartedMain] Exposing 2 endpoint(s) beneath base path '/actuator'
2020-04-28 20:13:25,228 INFO org.apache.juli.logging.DirectJDKLog [restartedMain] Starting ProtocolHandler ["http-nio-8080"]
2020-04-28 20:13:25,247 INFO org.springframework.boot.web.embedded.tomcat.TomcatWebServer [restartedMain] Tomcat started on port(s): 8080 (http) with context path ''
2020-04-28 20:13:25,249 INFO org.springframework.boot.StartupInfoLogger [restartedMain] Started FoodtrackerApplication in 5.227 seconds (JVM running for 6.333)
2020-04-28 20:13:25,642 INFO org.apache.juli.logging.DirectJDKLog [RMI TCP Connection(3)-192.168.99.1] Initializing Spring DispatcherServlet 'dispatcherServlet'
2020-04-28 20:13:25,642 INFO org.springframework.web.servlet.FrameworkServlet [RMI TCP Connection(3)-192.168.99.1] Initializing Servlet 'dispatcherServlet'
2020-04-28 20:13:25,651 INFO org.springframework.web.servlet.FrameworkServlet [RMI TCP Connection(3)-192.168.99.1] Completed initialization in 8 ms
2020-04-28 20:13:25,679 INFO com.mongodb.diagnostics.logging.SLF4JLogger [RMI TCP Connection(4)-192.168.99.1] Opened connection [connectionId{localValue:2, serverValue:38}] to localhost:27017
2020-04-28 20:17:42,808 INFO org.springframework.scheduling.concurrent.ExecutorConfigurationSupport [SpringContextShutdownHook] Shutting down ExecutorService 'applicationTaskExecutor'
2020-04-28 20:17:42,809 INFO org.springframework.orm.jpa.AbstractEntityManagerFactoryBean [SpringContextShutdownHook] Closing JPA EntityManagerFactory for persistence unit 'default'
2020-04-28 20:17:42,809 INFO org.hibernate.tool.schema.internal.SchemaDropperImpl$DelayedDropActionImpl [SpringContextShutdownHook] HHH000477: Starting delayed evictData of schema as part of SessionFactory shut-down'
2020-04-28 20:17:42,817 INFO com.mongodb.diagnostics.logging.SLF4JLogger [SpringContextShutdownHook] Closed connection [connectionId{localValue:2, serverValue:38}] to localhost:27017 because the pool has been closed.
2020-04-28 20:17:42,819 INFO com.zaxxer.hikari.HikariDataSource [SpringContextShutdownHook] HikariPool-1 - Shutdown initiated...
2020-04-28 20:17:42,821 INFO com.zaxxer.hikari.HikariDataSource [SpringContextShutdownHook] HikariPool-1 - Shutdown completed.
2020-04-28 20:17:45,601 INFO org.springframework.boot.StartupInfoLogger [restartedMain] Starting FoodtrackerApplication on DESKTOP-8MV64OT with PID 11592 (C:\Users\kamel\Desktop\foodtracker\build\classes\java\main started by kamel in C:\Users\kamel\Desktop\foodtracker)
2020-04-28 20:17:45,604 INFO org.springframework.boot.SpringApplication [restartedMain] The following profiles are active: local
2020-04-28 20:17:45,646 INFO org.springframework.boot.logging.DeferredLog [restartedMain] The Class-Path manifest attribute in C:\Users\kamel\.gradle\caches\modules-2\files-2.1\org.glassfish.jaxb\jaxb-runtime\2.3.2\5528bc882ea499a09d720b42af11785c4fc6be2a\jaxb-runtime-2.3.2.jar referenced one or more files that do not exist: file:/C:/Users/kamel/.gradle/caches/modules-2/files-2.1/org.glassfish.jaxb/jaxb-runtime/2.3.2/5528bc882ea499a09d720b42af11785c4fc6be2a/jakarta.xml.bind-api-2.3.2.jar,file:/C:/Users/kamel/.gradle/caches/modules-2/files-2.1/org.glassfish.jaxb/jaxb-runtime/2.3.2/5528bc882ea499a09d720b42af11785c4fc6be2a/txw2-2.3.2.jar,file:/C:/Users/kamel/.gradle/caches/modules-2/files-2.1/org.glassfish.jaxb/jaxb-runtime/2.3.2/5528bc882ea499a09d720b42af11785c4fc6be2a/istack-commons-runtime-3.0.8.jar,file:/C:/Users/kamel/.gradle/caches/modules-2/files-2.1/org.glassfish.jaxb/jaxb-runtime/2.3.2/5528bc882ea499a09d720b42af11785c4fc6be2a/stax-ex-1.8.1.jar,file:/C:/Users/kamel/.gradle/caches/modules-2/files-2.1/org.glassfish.jaxb/jaxb-runtime/2.3.2/5528bc882ea499a09d720b42af11785c4fc6be2a/FastInfoset-1.2.16.jar,file:/C:/Users/kamel/.gradle/caches/modules-2/files-2.1/org.glassfish.jaxb/jaxb-runtime/2.3.2/5528bc882ea499a09d720b42af11785c4fc6be2a/jakarta.activation-api-1.2.1.jar
2020-04-28 20:17:45,647 INFO org.springframework.boot.logging.DeferredLog [restartedMain] Devtools property defaults active! Set 'spring.devtools.add-properties' to 'false' to disable
2020-04-28 20:17:45,647 INFO org.springframework.boot.logging.DeferredLog [restartedMain] For additional web related logging consider setting the 'logging.level.web' property to 'DEBUG'
2020-04-28 20:17:46,636 INFO org.springframework.data.repository.config.RepositoryConfigurationDelegate [restartedMain] Multiple Spring Data modules found, entering strict repository configuration mode!
2020-04-28 20:17:46,636 INFO org.springframework.data.repository.config.RepositoryConfigurationDelegate [restartedMain] Bootstrapping Spring Data JPA repositories in DEFAULT mode.
2020-04-28 20:17:46,678 INFO org.springframework.data.repository.config.RepositoryConfigurationExtensionSupport [restartedMain] Spring Data JPA - Could not safely identify store assignment for repository candidate interface com.esgi.foodtracker.repository.ProductRepository. If you want this repository to be a JPA repository, consider annotating your entities with one of these annotations: javax.persistence.Entity, javax.persistence.MappedSuperclass (preferred), or consider extending one of the following types with your repository: org.springframework.data.jpa.repository.JpaRepository.
2020-04-28 20:17:46,702 INFO org.springframework.data.repository.config.RepositoryConfigurationDelegate [restartedMain] Finished Spring Data repository scanning in 57ms. Found 1 JPA repository interfaces.
2020-04-28 20:17:46,707 INFO org.springframework.data.repository.config.RepositoryConfigurationDelegate [restartedMain] Multiple Spring Data modules found, entering strict repository configuration mode!
2020-04-28 20:17:46,707 INFO org.springframework.data.repository.config.RepositoryConfigurationDelegate [restartedMain] Bootstrapping Spring Data MongoDB repositories in DEFAULT mode.
2020-04-28 20:17:46,715 INFO org.springframework.data.repository.config.RepositoryConfigurationExtensionSupport [restartedMain] Spring Data MongoDB - Could not safely identify store assignment for repository candidate interface com.esgi.foodtracker.repository.UserRepository. If you want this repository to be a MongoDB repository, consider annotating your entities with one of these annotations: org.springframework.data.mongodb.core.mapping.Document (preferred), or consider extending one of the following types with your repository: org.springframework.data.mongodb.repository.MongoRepository.
2020-04-28 20:17:46,717 INFO org.springframework.data.repository.config.RepositoryConfigurationDelegate [restartedMain] Finished Spring Data repository scanning in 10ms. Found 1 MongoDB repository interfaces.
2020-04-28 20:17:47,590 INFO org.springframework.boot.web.embedded.tomcat.TomcatWebServer [restartedMain] Tomcat initialized with port(s): 8080 (http)
2020-04-28 20:17:47,598 INFO org.apache.juli.logging.DirectJDKLog [restartedMain] Initializing ProtocolHandler ["http-nio-8080"]
2020-04-28 20:17:47,599 INFO org.apache.juli.logging.DirectJDKLog [restartedMain] Starting service [Tomcat]
2020-04-28 20:17:47,600 INFO org.apache.juli.logging.DirectJDKLog [restartedMain] Starting Servlet engine: [Apache Tomcat/9.0.33]
2020-04-28 20:17:47,694 INFO org.apache.juli.logging.DirectJDKLog [restartedMain] Initializing Spring embedded WebApplicationContext
2020-04-28 20:17:47,694 INFO org.springframework.boot.web.servlet.context.ServletWebServerApplicationContext [restartedMain] Root WebApplicationContext: initialization completed in 2047 ms
2020-04-28 20:17:48,171 INFO com.mongodb.diagnostics.logging.SLF4JLogger [restartedMain] Cluster created with settings {hosts=[localhost:27017], mode=MULTIPLE, requiredClusterType=UNKNOWN, serverSelectionTimeout='30000 ms', maxWaitQueueSize=500}
2020-04-28 20:17:48,172 INFO com.mongodb.diagnostics.logging.SLF4JLogger [restartedMain] Adding discovered server localhost:27017 to client view of cluster
2020-04-28 20:17:48,221 INFO com.mongodb.diagnostics.logging.SLF4JLogger [cluster-ClusterId{value='5ea8734c845c8023a23e31c9', description='null'}-localhost:27017] Opened connection [connectionId{localValue:1, serverValue:39}] to localhost:27017
2020-04-28 20:17:48,226 INFO com.mongodb.diagnostics.logging.SLF4JLogger [cluster-ClusterId{value='5ea8734c845c8023a23e31c9', description='null'}-localhost:27017] Monitor thread successfully connected to server with description ServerDescription{address=localhost:27017, type=STANDALONE, state=CONNECTED, ok=true, version=ServerVersion{versionList=[4, 2, 5]}, minWireVersion=0, maxWireVersion=8, maxDocumentSize=16777216, logicalSessionTimeoutMinutes=30, roundTripTimeNanos=2870700}
2020-04-28 20:17:48,227 INFO com.mongodb.diagnostics.logging.SLF4JLogger [cluster-ClusterId{value='5ea8734c845c8023a23e31c9', description='null'}-localhost:27017] Discovered cluster type of STANDALONE
2020-04-28 20:17:48,516 INFO org.springframework.boot.devtools.autoconfigure.OptionalLiveReloadServer [restartedMain] LiveReload server is running on port 35729
2020-04-28 20:17:48,588 INFO org.hibernate.jpa.internal.util.LogHelper [restartedMain] HHH000204: Processing PersistenceUnitInfo [name: default]
2020-04-28 20:17:48,652 INFO org.hibernate.Version [restartedMain] HHH000412: Hibernate ORM core version 5.4.12.Final
2020-04-28 20:17:48,783 INFO org.hibernate.annotations.common.reflection.java.JavaReflectionManager [restartedMain] HCANN000001: Hibernate Commons Annotations {5.1.0.Final}
2020-04-28 20:17:48,888 INFO com.zaxxer.hikari.HikariDataSource [restartedMain] HikariPool-1 - Starting...
2020-04-28 20:17:49,010 INFO com.zaxxer.hikari.HikariDataSource [restartedMain] HikariPool-1 - Start completed.
2020-04-28 20:17:49,029 INFO org.hibernate.dialect.Dialect [restartedMain] HHH000400: Using dialect: org.hibernate.dialect.MySQL5Dialect
2020-04-28 20:17:49,696 INFO org.hibernate.engine.transaction.jta.platform.internal.JtaPlatformInitiator [restartedMain] HHH000490: Using JtaPlatform implementation: [org.hibernate.engine.transaction.jta.platform.internal.NoJtaPlatform]
2020-04-28 20:17:49,706 INFO org.springframework.orm.jpa.AbstractEntityManagerFactoryBean [restartedMain] Initialized JPA EntityManagerFactory for persistence unit 'default'
2020-04-28 20:17:50,193 WARN org.springframework.boot.autoconfigure.orm.jpa.JpaBaseConfiguration$JpaWebConfiguration [restartedMain] spring.jpa.open-in-view is enabled by default. Therefore, database queries may be performed during view rendering. Explicitly configure spring.jpa.open-in-view to disable this warning
2020-04-28 20:17:50,481 INFO org.springframework.security.web.DefaultSecurityFilterChain [restartedMain] Creating filter chain: any request, [org.springframework.security.web.context.request.async.WebAsyncManagerIntegrationFilter@28e5aa26, org.springframework.security.web.context.SecurityContextPersistenceFilter@241568e, org.springframework.security.web.header.HeaderWriterFilter@b9a93ac, org.springframework.web.filter.CorsFilter@6a9feb59, org.springframework.security.web.authentication.logout.LogoutFilter@5a417978, com.esgi.foodtracker.security.JWTAuthenticationFilter@319da38c, com.esgi.foodtracker.config.JWTAuthorizationFilter@6f4581d, org.springframework.security.web.savedrequest.RequestCacheAwareFilter@1abffdec, org.springframework.security.web.servletapi.SecurityContextHolderAwareRequestFilter@7da4bb3d, org.springframework.security.web.authentication.AnonymousAuthenticationFilter@345667f, org.springframework.security.web.session.SessionManagementFilter@43891761, org.springframework.security.web.access.ExceptionTranslationFilter@781ff015, org.springframework.security.web.access.intercept.FilterSecurityInterceptor@40beb32d]
2020-04-28 20:17:50,595 INFO org.springframework.scheduling.concurrent.ExecutorConfigurationSupport [restartedMain] Initializing ExecutorService 'applicationTaskExecutor'
2020-04-28 20:17:51,284 INFO org.springframework.boot.actuate.endpoint.web.EndpointLinksResolver [restartedMain] Exposing 2 endpoint(s) beneath base path '/actuator'
2020-04-28 20:17:51,346 INFO org.apache.juli.logging.DirectJDKLog [restartedMain] Starting ProtocolHandler ["http-nio-8080"]
2020-04-28 20:17:51,384 INFO org.springframework.boot.web.embedded.tomcat.TomcatWebServer [restartedMain] Tomcat started on port(s): 8080 (http) with context path ''
2020-04-28 20:17:51,387 INFO org.springframework.boot.StartupInfoLogger [restartedMain] Started FoodtrackerApplication in 6.172 seconds (JVM running for 7.167)
2020-04-28 20:17:51,848 INFO org.apache.juli.logging.DirectJDKLog [RMI TCP Connection(4)-192.168.99.1] Initializing Spring DispatcherServlet 'dispatcherServlet'
2020-04-28 20:17:51,848 INFO org.springframework.web.servlet.FrameworkServlet [RMI TCP Connection(4)-192.168.99.1] Initializing Servlet 'dispatcherServlet'
2020-04-28 20:17:51,855 INFO org.springframework.web.servlet.FrameworkServlet [RMI TCP Connection(4)-192.168.99.1] Completed initialization in 7 ms
2020-04-28 20:17:51,888 INFO com.mongodb.diagnostics.logging.SLF4JLogger [RMI TCP Connection(3)-192.168.99.1] Opened connection [connectionId{localValue:2, serverValue:40}] to localhost:27017
2020-04-28 20:18:12,211 INFO org.springframework.scheduling.concurrent.ExecutorConfigurationSupport [SpringContextShutdownHook] Shutting down ExecutorService 'applicationTaskExecutor'
2020-04-28 20:18:12,212 INFO org.springframework.orm.jpa.AbstractEntityManagerFactoryBean [SpringContextShutdownHook] Closing JPA EntityManagerFactory for persistence unit 'default'
2020-04-28 20:18:12,213 INFO org.hibernate.tool.schema.internal.SchemaDropperImpl$DelayedDropActionImpl [SpringContextShutdownHook] HHH000477: Starting delayed evictData of schema as part of SessionFactory shut-down'
2020-04-28 20:18:12,220 INFO com.mongodb.diagnostics.logging.SLF4JLogger [SpringContextShutdownHook] Closed connection [connectionId{localValue:2, serverValue:40}] to localhost:27017 because the pool has been closed.
2020-04-28 20:18:12,222 INFO com.zaxxer.hikari.HikariDataSource [SpringContextShutdownHook] HikariPool-1 - Shutdown initiated...
2020-04-28 20:18:12,229 INFO com.zaxxer.hikari.HikariDataSource [SpringContextShutdownHook] HikariPool-1 - Shutdown completed.
